<?xml version="1.0" encoding="UTF-8"?>
<!-- Generated by org.testng.reporters.JUnitXMLReporter -->
<testsuite ignored="0" hostname="Kartiks-MacBook-Air.local" failures="2" tests="8" name="Free CRM App Test Cases" time="96.076" errors="0" timestamp="2023-04-26T19:00:32 EDT">
  <testcase classname="crm.testcases.ContactsPageTest" name="@BeforeMethod setUp" time="12.777">
    <failure type="org.openqa.selenium.NoSuchFrameException" message="No frame element found by name or id downloadFrame
Build info: version: &amp;apos;4.8.3&amp;apos;, revision: &amp;apos;e5e76298c3&amp;apos;
System info: os.name: &amp;apos;Mac OS X&amp;apos;, os.arch: &amp;apos;x86_64&amp;apos;, os.version: &amp;apos;13.2.1&amp;apos;, java.version: &amp;apos;17.0.6&amp;apos;
Driver info: driver.version: unknown">
      <![CDATA[org.openqa.selenium.NoSuchFrameException: No frame element found by name or id downloadFrame
Build info: version: '4.8.3', revision: 'e5e76298c3'
System info: os.name: 'Mac OS X', os.arch: 'x86_64', os.version: '13.2.1', java.version: '17.0.6'
Driver info: driver.version: unknown
at org.openqa.selenium.remote.RemoteWebDriver$RemoteTargetLocator.frame(RemoteWebDriver.java:1014)
at crm.util.TestUtil.sWitchToFrame(TestUtil.java:10)
at crm.testcases.ContactsPageTest.setUp(ContactsPageTest.java:30)
at java.base/java.util.ArrayList.forEach(ArrayList.java:1511)
... Removed 31 stack frames]]>
    </failure>
  </testcase> <!-- @BeforeMethod setUp -->
  <testcase classname="crm.testcases.ContactsPageTest" name="@AfterMethod teraDown" time="0.0">
    <skipped/>
  </testcase> <!-- @AfterMethod teraDown -->
  <testcase classname="crm.testcases.ContactsPageTest" name="@BeforeMethod setUp" time="0.0">
    <skipped/>
  </testcase> <!-- @BeforeMethod setUp -->
  <testcase classname="crm.testcases.ContactsPageTest" name="@AfterMethod teraDown" time="0.0">
    <skipped/>
  </testcase> <!-- @AfterMethod teraDown -->
  <testcase classname="crm.testcases.ContactsPageTest" name="@BeforeMethod setUp" time="0.0">
    <skipped/>
  </testcase> <!-- @BeforeMethod setUp -->
  <testcase classname="crm.testcases.ContactsPageTest" name="@AfterMethod teraDown" time="0.0">
    <skipped/>
  </testcase> <!-- @AfterMethod teraDown -->
  <testcase classname="crm.testcases.LoginPageTest" name="loginPageTitelTest" time="0.019"/>
  <testcase classname="crm.testcases.LoginPageTest" name="loginTest" time="1.472"/>
  <testcase classname="crm.testcases.HomePageTest" name="verifyHomePageTitleTest" time="0.005"/>
  <testcase classname="crm.testcases.HomePageTest" name="verifyUserNameOnHomepageTest" time="0.071">
    <failure type="org.openqa.selenium.NoSuchFrameException" message="No frame element found by name or id downloadFrame
Build info: version: &amp;apos;4.8.3&amp;apos;, revision: &amp;apos;e5e76298c3&amp;apos;
System info: os.name: &amp;apos;Mac OS X&amp;apos;, os.arch: &amp;apos;x86_64&amp;apos;, os.version: &amp;apos;13.2.1&amp;apos;, java.version: &amp;apos;17.0.6&amp;apos;
Driver info: driver.version: unknown">
      <![CDATA[org.openqa.selenium.NoSuchFrameException: No frame element found by name or id downloadFrame
Build info: version: '4.8.3', revision: 'e5e76298c3'
System info: os.name: 'Mac OS X', os.arch: 'x86_64', os.version: '13.2.1', java.version: '17.0.6'
Driver info: driver.version: unknown
at org.openqa.selenium.remote.RemoteWebDriver$RemoteTargetLocator.frame(RemoteWebDriver.java:1014)
at crm.util.TestUtil.sWitchToFrame(TestUtil.java:10)
at crm.testcases.HomePageTest.verifyUserNameOnHomepageTest(HomePageTest.java:46)
at java.base/java.util.ArrayList.forEach(ArrayList.java:1511)
... Removed 27 stack frames]]>
    </failure>
  </testcase> <!-- verifyUserNameOnHomepageTest -->
  <testcase classname="crm.testcases.HomePageTest" name="verifyContactsLinkTest" time="0.027">
    <failure type="org.openqa.selenium.NoSuchFrameException" message="No frame element found by name or id downloadFrame
Build info: version: &amp;apos;4.8.3&amp;apos;, revision: &amp;apos;e5e76298c3&amp;apos;
System info: os.name: &amp;apos;Mac OS X&amp;apos;, os.arch: &amp;apos;x86_64&amp;apos;, os.version: &amp;apos;13.2.1&amp;apos;, java.version: &amp;apos;17.0.6&amp;apos;
Driver info: driver.version: unknown">
      <![CDATA[org.openqa.selenium.NoSuchFrameException: No frame element found by name or id downloadFrame
Build info: version: '4.8.3', revision: 'e5e76298c3'
System info: os.name: 'Mac OS X', os.arch: 'x86_64', os.version: '13.2.1', java.version: '17.0.6'
Driver info: driver.version: unknown
at org.openqa.selenium.remote.RemoteWebDriver$RemoteTargetLocator.frame(RemoteWebDriver.java:1014)
at crm.util.TestUtil.sWitchToFrame(TestUtil.java:10)
at crm.testcases.HomePageTest.verifyContactsLinkTest(HomePageTest.java:52)
at java.base/java.util.ArrayList.forEach(ArrayList.java:1511)
... Removed 27 stack frames]]>
    </failure>
  </testcase> <!-- verifyContactsLinkTest -->
  <testcase classname="crm.testcases.ContactsPageTest" name="verifyContactsPageLable" time="0.0">
    <skipped/>
  </testcase> <!-- verifyContactsPageLable -->
  <testcase classname="crm.testcases.ContactsPageTest" name="selectSinglecontactTest" time="0.0">
    <skipped/>
  </testcase> <!-- selectSinglecontactTest -->
  <testcase classname="crm.testcases.ContactsPageTest" name="selectMultiplecontactTest" time="0.0">
    <skipped/>
  </testcase> <!-- selectMultiplecontactTest -->
</testsuite> <!-- Free CRM App Test Cases -->
